<?xml version="1.0" encoding="UTF-8"?>
<testsuite xmlns:xsi="http://www.w3.org/2001/XMLSchema-instance" xsi:schemaLocation="https://maven.apache.org/surefire/maven-surefire-plugin/xsd/surefire-test-report.xsd" name="com.botlogic.speech.SpeechTest" time="2.452" tests="1" errors="1" skipped="0" failures="0">
  <properties>
[...]
</properties>
  <testcase name="test" classname="com.botlogic.speech.SpeechTest" time="2.451">
    <error message="Errors in the request InboundJaxrsResponse{context=ClientResponse{method=POST, uri=https://speech.googleapis.com/v1beta1/speech:syncrecognize?key=AIzaSyAcHVG7M1W4tjeJNf3FzUdvLq9uT-XYHzc, status=400, reason=Bad Request}}" type="java.lang.IllegalAccessException">java.lang.IllegalAccessException: Errors in the request InboundJaxrsResponse{context=ClientResponse{method=POST, uri=https://speech.googleapis.com/v1beta1/speech:syncrecognize?key=AIzaSyAcHVG7M1W4tjeJNf3FzUdvLq9uT-XYHzc, status=400, reason=Bad Request}}
	at com.botlogic.speech.SpeechTest.test(SpeechTest.java:32)
</error>
    <system-out><![CDATA[2016-08-14 17:10:07,362 main DEBUG Initializing configuration XmlConfiguration[location=/home/jorge/workspace/BotLogic/target/test-classes/log4j2.xml]
2016-08-14 17:10:07,372 main DEBUG Installed script engines
2016-08-14 17:10:08,007 main DEBUG Oracle Nashorn Version: 1.8.0_101, Language: ECMAScript, Threading: Not Thread Safe, Compile: true, Names: {nashorn, Nashorn, js, JS, JavaScript, javascript, ECMAScript, ecmascript}
2016-08-14 17:10:08,008 main DEBUG PluginManager 'Core' found 99 plugins
2016-08-14 17:10:08,009 main DEBUG PluginManager 'Level' found 0 plugins
2016-08-14 17:10:08,014 main DEBUG No scheduled items
2016-08-14 17:10:08,015 main DEBUG PluginManager 'Lookup' found 13 plugins
2016-08-14 17:10:08,018 main DEBUG Building Plugin[name=layout, class=org.apache.logging.log4j.core.layout.PatternLayout].
2016-08-14 17:10:08,034 main DEBUG PluginManager 'TypeConverter' found 23 plugins
2016-08-14 17:10:08,063 main DEBUG PatternLayout$Builder(pattern="%d{HH:mm:ss.SSS} [%t] %-5level %logger{36} - %msg%n", PatternSelector=null, Configuration(/home/jorge/workspace/BotLogic/target/test-classes/log4j2.xml), Replace=null, charset="null", alwaysWriteExceptions="null", noConsoleNoAnsi="null", header="null", footer="null")
2016-08-14 17:10:08,064 main DEBUG PluginManager 'Converter' found 41 plugins
2016-08-14 17:10:08,066 main DEBUG Building Plugin[name=appender, class=org.apache.logging.log4j.core.appender.ConsoleAppender].
2016-08-14 17:10:08,068 main INFO Log4j appears to be running in a Servlet environment, but there's no log4j-web module available. If you want better web container support, please add the log4j-web JAR to your web archive or server lib directory.
2016-08-14 17:10:08,070 main DEBUG PluginManager 'Converter' found 41 plugins
2016-08-14 17:10:08,072 main DEBUG Starting OutputStreamManager SYSTEM_OUT.false.false-2
2016-08-14 17:10:08,086 main DEBUG ConsoleAppender$Builder(PatternLayout(%d{HH:mm:ss.SSS} [%t] %-5level %logger{36} - %msg%n), Filter=null, target="SYSTEM_OUT", name="Console", follow="null", direct="null", ignoreExceptions="null")
2016-08-14 17:10:08,087 main DEBUG Starting OutputStreamManager SYSTEM_OUT.false.false
2016-08-14 17:10:08,088 main DEBUG Building Plugin[name=appenders, class=org.apache.logging.log4j.core.config.AppendersPlugin].
2016-08-14 17:10:08,092 main DEBUG createAppenders(={Console})
2016-08-14 17:10:08,093 main DEBUG Building Plugin[name=AppenderRef, class=org.apache.logging.log4j.core.config.AppenderRef].
2016-08-14 17:10:08,102 main DEBUG createAppenderRef(ref="Console", level="null", Filter=null)
2016-08-14 17:10:08,103 main DEBUG Building Plugin[name=root, class=org.apache.logging.log4j.core.config.LoggerConfig$RootLogger].
2016-08-14 17:10:08,106 main DEBUG createLogger(additivity="null", level="DEBUG", includeLocation="null", ={Console}, ={}, Configuration(/home/jorge/workspace/BotLogic/target/test-classes/log4j2.xml), Filter=null)
2016-08-14 17:10:08,110 main DEBUG Building Plugin[name=loggers, class=org.apache.logging.log4j.core.config.LoggersPlugin].
2016-08-14 17:10:08,111 main DEBUG createLoggers(={root})
2016-08-14 17:10:08,113 main DEBUG Configuration XmlConfiguration[location=/home/jorge/workspace/BotLogic/target/test-classes/log4j2.xml] initialized
2016-08-14 17:10:08,114 main DEBUG Starting configuration XmlConfiguration[location=/home/jorge/workspace/BotLogic/target/test-classes/log4j2.xml]
2016-08-14 17:10:08,115 main DEBUG Started configuration XmlConfiguration[location=/home/jorge/workspace/BotLogic/target/test-classes/log4j2.xml] OK.
2016-08-14 17:10:08,117 main DEBUG Shutting down OutputStreamManager SYSTEM_OUT.false.false-1
2016-08-14 17:10:08,118 main DEBUG Stopped org.apache.logging.log4j.core.config.DefaultConfiguration@1e67b872 OK
2016-08-14 17:10:08,220 main DEBUG Registering MBean org.apache.logging.log4j2:type=6bc7c054
2016-08-14 17:10:08,225 main DEBUG Registering MBean org.apache.logging.log4j2:type=6bc7c054,component=StatusLogger
2016-08-14 17:10:08,228 main DEBUG Registering MBean org.apache.logging.log4j2:type=6bc7c054,component=ContextSelector
2016-08-14 17:10:08,231 main DEBUG Registering MBean org.apache.logging.log4j2:type=6bc7c054,component=Loggers,name=
2016-08-14 17:10:08,234 main DEBUG Registering MBean org.apache.logging.log4j2:type=6bc7c054,component=Appenders,name=Console
2016-08-14 17:10:08,240 main DEBUG Reconfiguration complete for context[name=6bc7c054] at URI /home/jorge/workspace/BotLogic/target/test-classes/log4j2.xml (org.apache.logging.log4j.core.LoggerContext@484970b0) with optional ClassLoader: null
2016-08-14 17:10:08,240 main DEBUG Shutdown hook enabled. Registering a new one.
2016-08-14 17:10:08,242 main DEBUG LoggerContext[name=6bc7c054, org.apache.logging.log4j.core.LoggerContext@484970b0] started OK.
]]></system-out>
  </testcase>
</testsuite>